<?xml version="1.0" encoding="UTF-8"?>
<!-- Generated by org.testng.reporters.JUnitXMLReporter -->
<testsuite hostname="Rocky" name="Test" tests="2" failures="1" timestamp="15 Feb 2018 20:49:44 GMT" time="28.903" errors="0">
  <testcase name="test" time="14.881" classname="MyMavenProject.MavenProject.CreateAcountOnFacebook">
    <failure type="java.lang.NullPointerException">
      <![CDATA[java.lang.NullPointerException
	at MyMavenProject.MavenProject.CreateAcountOnFacebook.test(CreateAcountOnFacebook.java:32)
... Removed 24 stack frames]]>
    </failure>
  </testcase> <!-- test -->
  <testcase name="datepickertest" time="1.08" classname="MyMavenProject.MavenProject.Datepicker"/>
</testsuite> <!-- Test -->
